<?xml version="1.0" encoding="UTF-8"?>
<!-- Generated by org.testng.reporters.JUnitReportReporter -->
<testsuite hostname="DESKTOP-OJV5DL2" failures="0" tests="1" name="Tests.Login_Test" time="34.919" errors="0" timestamp="2024-06-24T12:43:14 IST" skipped="0">
  <testcase classname="Tests.Login_Test" name="TC_001" time="34.919"/>
  <system-out/>
</testsuite> <!-- Tests.Login_Test -->
